<?xml version="1.0" encoding="UTF-8"?>
<coverage generated="1684365280656" clover="3.2.0">
  <project timestamp="1684365280656" name="All files">
    <metrics statements="30" coveredstatements="27" conditionals="0" coveredconditionals="0" methods="21" coveredmethods="18" elements="51" coveredelements="45" complexity="0" loc="30" ncloc="30" packages="2" files="5" classes="5"/>
    <package name="src">
      <metrics statements="17" coveredstatements="16" conditionals="0" coveredconditionals="0" methods="12" coveredmethods="11"/>
      <file name="carrinho-de-compras.ts" path="C:\Users\vinid\OneDrive\Documentos\Meu\src\git\typescript-jest-test\src\carrinho-de-compras.ts">
        <metrics statements="12" coveredstatements="12" conditionals="0" coveredconditionals="0" methods="9" coveredmethods="9"/>
        <line num="8" count="1" type="stmt"/>
        <line num="9" count="3" type="stmt"/>
        <line num="10" count="3" type="stmt"/>
        <line num="12" count="3" type="stmt"/>
        <line num="15" count="1" type="stmt"/>
        <line num="19" count="4" type="stmt"/>
        <line num="23" count="1" type="stmt"/>
        <line num="27" count="1" type="stmt"/>
        <line num="31" count="2" type="stmt"/>
        <line num="35" count="1" type="stmt"/>
        <line num="39" count="1" type="stmt"/>
        <line num="40" count="1" type="stmt"/>
      </file>
      <file name="desconto.ts" path="C:\Users\vinid\OneDrive\Documentos\Meu\src\git\typescript-jest-test\src\desconto.ts">
        <metrics statements="3" coveredstatements="2" conditionals="0" coveredconditionals="0" methods="2" coveredmethods="1"/>
        <line num="1" count="1" type="stmt"/>
        <line num="2" count="3" type="stmt"/>
        <line num="5" count="0" type="stmt"/>
      </file>
      <file name="produto.ts" path="C:\Users\vinid\OneDrive\Documentos\Meu\src\git\typescript-jest-test\src\produto.ts">
        <metrics statements="2" coveredstatements="2" conditionals="0" coveredconditionals="0" methods="1" coveredmethods="1"/>
        <line num="1" count="1" type="stmt"/>
        <line num="2" count="1" type="stmt"/>
      </file>
    </package>
    <package name="src.calc">
      <metrics statements="13" coveredstatements="11" conditionals="0" coveredconditionals="0" methods="9" coveredmethods="7"/>
      <file name="basic.ts" path="C:\Users\vinid\OneDrive\Documentos\Meu\src\git\typescript-jest-test\src\calc\basic.ts">
        <metrics statements="5" coveredstatements="5" conditionals="0" coveredconditionals="0" methods="4" coveredmethods="4"/>
        <line num="2" count="4" type="stmt"/>
        <line num="5" count="1" type="stmt"/>
        <line num="6" count="3" type="stmt"/>
        <line num="9" count="1" type="stmt"/>
        <line num="10" count="1" type="stmt"/>
      </file>
      <file name="calculadora.ts" path="C:\Users\vinid\OneDrive\Documentos\Meu\src\git\typescript-jest-test\src\calc\calculadora.ts">
        <metrics statements="8" coveredstatements="6" conditionals="0" coveredconditionals="0" methods="5" coveredmethods="3"/>
        <line num="1" count="1" type="stmt"/>
        <line num="3" count="1" type="stmt"/>
        <line num="4" count="6" type="stmt"/>
        <line num="7" count="3" type="stmt"/>
        <line num="8" count="3" type="stmt"/>
        <line num="12" count="0" type="stmt"/>
        <line num="16" count="0" type="stmt"/>
        <line num="20" count="3" type="stmt"/>
      </file>
    </package>
  </project>
</coverage>
